<?xml version="1.0" encoding="UTF-8"?>
<testsuite name="com.ulflander.mining.processors.load.LoadJSONFileTest" time="5.662" tests="1" errors="0" skipped="0" failures="1">
  <properties>
    <property name="java.runtime.name" value="Java(TM) SE Runtime Environment"/>
    <property name="sun.boot.library.path" value="/System/Library/Java/JavaVirtualMachines/1.6.0.jdk/Contents/Libraries"/>
    <property name="java.vm.version" value="20.65-b04-462"/>
    <property name="awt.nativeDoubleBuffering" value="true"/>
    <property name="gopherProxySet" value="false"/>
    <property name="mrj.build" value="11M4609"/>
    <property name="java.vm.vendor" value="Apple Inc."/>
    <property name="java.vendor.url" value="http://www.apple.com/"/>
    <property name="path.separator" value=":"/>
    <property name="guice.disable.misplaced.annotation.check" value="true"/>
    <property name="java.vm.name" value="Java HotSpot(TM) 64-Bit Server VM"/>
    <property name="file.encoding.pkg" value="sun.io"/>
    <property name="user.country" value="US"/>
    <property name="sun.java.launcher" value="SUN_STANDARD"/>
    <property name="sun.os.patch.level" value="unknown"/>
    <property name="java.vm.specification.name" value="Java Virtual Machine Specification"/>
    <property name="user.dir" value="/Users/Ulflander/Development/minethat/java-apps"/>
    <property name="java.runtime.version" value="1.6.0_65-b14-462-11M4609"/>
    <property name="java.awt.graphicsenv" value="apple.awt.CGraphicsEnvironment"/>
    <property name="java.endorsed.dirs" value="/System/Library/Java/JavaVirtualMachines/1.6.0.jdk/Contents/Home/lib/endorsed"/>
    <property name="os.arch" value="x86_64"/>
    <property name="java.io.tmpdir" value="/var/folders/w4/z7t_swss4kx4xvpx0c_8stmr0000gn/T/"/>
    <property name="line.separator" value="&#10;"/>
    <property name="java.vm.specification.vendor" value="Sun Microsystems Inc."/>
    <property name="os.name" value="Mac OS X"/>
    <property name="classworlds.conf" value="/usr/local/Cellar/maven/3.2.1/libexec/bin/m2.conf"/>
    <property name="log4j.configuration" value="../conf/log4j.local.xml"/>
    <property name="sun.jnu.encoding" value="MacRoman"/>
    <property name="java.library.path" value=".:/Library/Java/Extensions:/System/Library/Java/Extensions:/usr/lib/java"/>
    <property name="java.specification.name" value="Java Platform API Specification"/>
    <property name="java.class.version" value="50.0"/>
    <property name="sun.management.compiler" value="HotSpot 64-Bit Tiered Compilers"/>
    <property name="os.version" value="10.9.2"/>
    <property name="http.nonProxyHosts" value="local|*.local|169.254/16|*.169.254/16"/>
    <property name="user.home" value="/Users/Ulflander"/>
    <property name="user.timezone" value="Europe/Paris"/>
    <property name="java.awt.printerjob" value="apple.awt.CPrinterJob"/>
    <property name="java.specification.version" value="1.6"/>
    <property name="file.encoding" value="UTF-8"/>
    <property name="user.name" value="Ulflander"/>
    <property name="java.class.path" value="/usr/local/Cellar/maven/3.2.1/libexec/boot/plexus-classworlds-2.5.1.jar"/>
    <property name="org.slf4j.simpleLogger.defaultLogLevel" value="info"/>
    <property name="java.vm.specification.version" value="1.0"/>
    <property name="sun.arch.data.model" value="64"/>
    <property name="java.home" value="/System/Library/Java/JavaVirtualMachines/1.6.0.jdk/Contents/Home"/>
    <property name="sun.java.command" value="org.codehaus.plexus.classworlds.launcher.Launcher clean package -Dlog4j.configuration=../conf/log4j.local.xml"/>
    <property name="java.specification.vendor" value="Sun Microsystems Inc."/>
    <property name="user.language" value="en"/>
    <property name="awt.toolkit" value="apple.awt.CToolkit"/>
    <property name="java.vm.info" value="mixed mode"/>
    <property name="java.version" value="1.6.0_65"/>
    <property name="java.ext.dirs" value="/Library/Java/Extensions:/System/Library/Java/Extensions:/System/Library/Java/JavaVirtualMachines/1.6.0.jdk/Contents/Home/lib/ext"/>
    <property name="sun.boot.class.path" value="/System/Library/Java/JavaVirtualMachines/1.6.0.jdk/Contents/Classes/jsfd.jar:/System/Library/Java/JavaVirtualMachines/1.6.0.jdk/Contents/Classes/classes.jar:/System/Library/Frameworks/JavaVM.framework/Frameworks/JavaRuntimeSupport.framework/Resources/Java/JavaRuntimeSupport.jar:/System/Library/Java/JavaVirtualMachines/1.6.0.jdk/Contents/Classes/ui.jar:/System/Library/Java/JavaVirtualMachines/1.6.0.jdk/Contents/Classes/laf.jar:/System/Library/Java/JavaVirtualMachines/1.6.0.jdk/Contents/Classes/sunrsasign.jar:/System/Library/Java/JavaVirtualMachines/1.6.0.jdk/Contents/Classes/jsse.jar:/System/Library/Java/JavaVirtualMachines/1.6.0.jdk/Contents/Classes/jce.jar:/System/Library/Java/JavaVirtualMachines/1.6.0.jdk/Contents/Classes/charsets.jar"/>
    <property name="java.vendor" value="Apple Inc."/>
    <property name="maven.home" value="/usr/local/Cellar/maven/3.2.1/libexec"/>
    <property name="file.separator" value="/"/>
    <property name="java.vendor.url.bug" value="http://bugreport.apple.com/"/>
    <property name="sun.cpu.endian" value="little"/>
    <property name="sun.io.unicode.encoding" value="UnicodeLittle"/>
    <property name="mrj.version" value="1070.1.6.0_65-462"/>
    <property name="socksNonProxyHosts" value="local|*.local|169.254/16|*.169.254/16"/>
    <property name="ftp.nonProxyHosts" value="local|*.local|169.254/16|*.169.254/16"/>
    <property name="sun.cpu.isalist" value=""/>
  </properties>
  <testcase name="Test" classname="com.ulflander.mining.processors.load.LoadJSONFileTest" time="5.662">
    <failure message="A JSON file should be saved expected:&lt;true&gt; but was:&lt;false&gt;" type="java.lang.AssertionError"><![CDATA[java.lang.AssertionError: A JSON file should be saved expected:<true> but was:<false>
	at org.junit.Assert.fail(Assert.java:88)
	at org.junit.Assert.failNotEquals(Assert.java:743)
	at org.junit.Assert.assertEquals(Assert.java:118)
	at com.ulflander.mining.processors.load.LoadJSONFileTest.Test(LoadJSONFileTest.java:30)
]]></failure>
    <system-out><![CDATA[2014-04-18 16:09:56,394 ERROR The database is not already authenticated so you must supply a username and password for the MongoDB provider.
2014-04-18 16:09:56,411 ERROR NoSQL provider not specified for appender [databaseAppender].
2014-04-18 16:09:56,412 ERROR Null object returned for NoSql in Appenders
16:09:56.450 [main] TRACE com.ulflander.application.Conf - Reading configuration for environment local
16:09:56.470 [main] DEBUG com.ulflander.application.ConfReader - Loading configuration from /Users/Ulflander/Development/minethat/conf/conf.local.sh
16:09:56.473 [main] DEBUG com.ulflander.MinethatTestService - Minethat starting...
16:09:56.640 [main] TRACE com.ulflander.mining.ProcessingExecutor -   - DOCUMENT ANALYSIS STARTED: This english test moslty test that my IP...
16:09:56.670 [main] TRACE com.ulflander.mining.ProcessingExecutor -   |  Processing DocumentCleaner: Clean and harmonize some chars on raw text before any treatment (line breaks chars, spaces chars, ...)
16:09:56.673 [main] TRACE com.ulflander.mining.ProcessingExecutor -   |  Processing DocumentSplitter: Split a document raw string to chapters, paragraphs, sentences and tokens
16:09:57.129 [main] TRACE com.ulflander.mining.ProcessingExecutor -   |  Processing LanguageDetector: Detects language of a document on the global document, then on each sentences. Uses https://code.google.com/p/language-detection/
16:09:57.388 [main] TRACE com.ulflander.mining.ProcessingExecutor -   |  Processing DocumentTokenizer: Tokenize each sentence, using different strategies depending on language.
16:09:57.405 [main] TRACE com.ulflander.mining.ProcessingExecutor -   |  Processing TokenCounter: Populates token counters with real numbers
16:09:57.413 [main] TRACE com.ulflander.mining.ProcessingExecutor -   |  Processing TokenCleaner: Clean tokens by removing some chars at the beginning or the end of the raw string
16:09:57.416 [main] WARN  com.ulflander.mining.processors.ProcessorsRequirements - Processor extract.TokenRegExpGuesser requires extract.TokenCorpusGuesser
16:09:57.417 [main] ERROR com.ulflander.mining.ProcessingExecutor - Processor [extract.TokenRegExpGuesser] called but requirements not met
16:09:57.417 [main] TRACE com.ulflander.mining.ProcessingExecutor -   - DOCUMENT ANALYSIS ENDED: Done in 778ms
]]></system-out>
  </testcase>
</testsuite>