<?xml version="1.0" encoding="UTF-8"?>
<testsuite name="com.ulflander.mining.processors.extract.TokenRegExpGuesserTest" time="6.61" tests="10" errors="0" skipped="0" failures="5">
  <properties>
    <property name="java.runtime.name" value="Java(TM) SE Runtime Environment"/>
    <property name="sun.boot.library.path" value="/System/Library/Java/JavaVirtualMachines/1.6.0.jdk/Contents/Libraries"/>
    <property name="java.vm.version" value="20.65-b04-462"/>
    <property name="awt.nativeDoubleBuffering" value="true"/>
    <property name="gopherProxySet" value="false"/>
    <property name="mrj.build" value="11M4609"/>
    <property name="java.vm.vendor" value="Apple Inc."/>
    <property name="java.vendor.url" value="http://www.apple.com/"/>
    <property name="path.separator" value=":"/>
    <property name="guice.disable.misplaced.annotation.check" value="true"/>
    <property name="java.vm.name" value="Java HotSpot(TM) 64-Bit Server VM"/>
    <property name="file.encoding.pkg" value="sun.io"/>
    <property name="user.country" value="US"/>
    <property name="sun.java.launcher" value="SUN_STANDARD"/>
    <property name="sun.os.patch.level" value="unknown"/>
    <property name="java.vm.specification.name" value="Java Virtual Machine Specification"/>
    <property name="user.dir" value="/Users/Ulflander/Development/minethat/java-apps"/>
    <property name="java.runtime.version" value="1.6.0_65-b14-462-11M4609"/>
    <property name="java.awt.graphicsenv" value="apple.awt.CGraphicsEnvironment"/>
    <property name="java.endorsed.dirs" value="/System/Library/Java/JavaVirtualMachines/1.6.0.jdk/Contents/Home/lib/endorsed"/>
    <property name="os.arch" value="x86_64"/>
    <property name="java.io.tmpdir" value="/var/folders/w4/z7t_swss4kx4xvpx0c_8stmr0000gn/T/"/>
    <property name="line.separator" value="&#10;"/>
    <property name="java.vm.specification.vendor" value="Sun Microsystems Inc."/>
    <property name="os.name" value="Mac OS X"/>
    <property name="classworlds.conf" value="/usr/local/Cellar/maven/3.2.1/libexec/bin/m2.conf"/>
    <property name="log4j.configuration" value="../conf/log4j.local.xml"/>
    <property name="sun.jnu.encoding" value="MacRoman"/>
    <property name="java.library.path" value=".:/Library/Java/Extensions:/System/Library/Java/Extensions:/usr/lib/java"/>
    <property name="java.specification.name" value="Java Platform API Specification"/>
    <property name="java.class.version" value="50.0"/>
    <property name="sun.management.compiler" value="HotSpot 64-Bit Tiered Compilers"/>
    <property name="os.version" value="10.9.2"/>
    <property name="http.nonProxyHosts" value="local|*.local|169.254/16|*.169.254/16"/>
    <property name="user.home" value="/Users/Ulflander"/>
    <property name="user.timezone" value="Europe/Paris"/>
    <property name="java.awt.printerjob" value="apple.awt.CPrinterJob"/>
    <property name="java.specification.version" value="1.6"/>
    <property name="file.encoding" value="UTF-8"/>
    <property name="user.name" value="Ulflander"/>
    <property name="java.class.path" value="/usr/local/Cellar/maven/3.2.1/libexec/boot/plexus-classworlds-2.5.1.jar"/>
    <property name="org.slf4j.simpleLogger.defaultLogLevel" value="info"/>
    <property name="java.vm.specification.version" value="1.0"/>
    <property name="sun.arch.data.model" value="64"/>
    <property name="java.home" value="/System/Library/Java/JavaVirtualMachines/1.6.0.jdk/Contents/Home"/>
    <property name="sun.java.command" value="org.codehaus.plexus.classworlds.launcher.Launcher clean package -Dlog4j.configuration=../conf/log4j.local.xml"/>
    <property name="java.specification.vendor" value="Sun Microsystems Inc."/>
    <property name="user.language" value="en"/>
    <property name="awt.toolkit" value="apple.awt.CToolkit"/>
    <property name="java.vm.info" value="mixed mode"/>
    <property name="java.version" value="1.6.0_65"/>
    <property name="java.ext.dirs" value="/Library/Java/Extensions:/System/Library/Java/Extensions:/System/Library/Java/JavaVirtualMachines/1.6.0.jdk/Contents/Home/lib/ext"/>
    <property name="sun.boot.class.path" value="/System/Library/Java/JavaVirtualMachines/1.6.0.jdk/Contents/Classes/jsfd.jar:/System/Library/Java/JavaVirtualMachines/1.6.0.jdk/Contents/Classes/classes.jar:/System/Library/Frameworks/JavaVM.framework/Frameworks/JavaRuntimeSupport.framework/Resources/Java/JavaRuntimeSupport.jar:/System/Library/Java/JavaVirtualMachines/1.6.0.jdk/Contents/Classes/ui.jar:/System/Library/Java/JavaVirtualMachines/1.6.0.jdk/Contents/Classes/laf.jar:/System/Library/Java/JavaVirtualMachines/1.6.0.jdk/Contents/Classes/sunrsasign.jar:/System/Library/Java/JavaVirtualMachines/1.6.0.jdk/Contents/Classes/jsse.jar:/System/Library/Java/JavaVirtualMachines/1.6.0.jdk/Contents/Classes/jce.jar:/System/Library/Java/JavaVirtualMachines/1.6.0.jdk/Contents/Classes/charsets.jar"/>
    <property name="java.vendor" value="Apple Inc."/>
    <property name="maven.home" value="/usr/local/Cellar/maven/3.2.1/libexec"/>
    <property name="file.separator" value="/"/>
    <property name="java.vendor.url.bug" value="http://bugreport.apple.com/"/>
    <property name="sun.cpu.endian" value="little"/>
    <property name="sun.io.unicode.encoding" value="UnicodeLittle"/>
    <property name="mrj.version" value="1070.1.6.0_65-462"/>
    <property name="socksNonProxyHosts" value="local|*.local|169.254/16|*.169.254/16"/>
    <property name="ftp.nonProxyHosts" value="local|*.local|169.254/16|*.169.254/16"/>
    <property name="sun.cpu.isalist" value=""/>
  </properties>
  <testcase name="EmailTokenTypeTest" classname="com.ulflander.mining.processors.extract.TokenRegExpGuesserTest" time="6.476">
    <failure message="Simple sentence of 4 words with email should return email as fourth token kind expected:&lt;2&gt; but was:&lt;0&gt;" type="java.lang.AssertionError"><![CDATA[java.lang.AssertionError: Simple sentence of 4 words with email should return email as fourth token kind expected:<2> but was:<0>
	at org.junit.Assert.fail(Assert.java:88)
	at org.junit.Assert.failNotEquals(Assert.java:743)
	at org.junit.Assert.assertEquals(Assert.java:118)
	at org.junit.Assert.assertEquals(Assert.java:555)
	at com.ulflander.mining.processors.extract.TokenRegExpGuesserTest.EmailTokenTypeTest(TokenRegExpGuesserTest.java:88)
]]></failure>
    <system-out><![CDATA[2014-04-18 16:09:51,794 ERROR The database is not already authenticated so you must supply a username and password for the MongoDB provider.
2014-04-18 16:09:51,798 ERROR NoSQL provider not specified for appender [databaseAppender].
2014-04-18 16:09:51,806 ERROR Null object returned for NoSql in Appenders
16:09:51.884 [main] TRACE com.ulflander.application.Conf - Reading configuration for environment local
16:09:51.901 [main] DEBUG com.ulflander.application.ConfReader - Loading configuration from /Users/Ulflander/Development/minethat/conf/conf.local.sh
16:09:51.903 [main] DEBUG com.ulflander.MinethatTestService - Minethat starting...
16:09:51.972 [main] TRACE com.ulflander.mining.ProcessingExecutor -   - DOCUMENT ANALYSIS STARTED: My IP is xlaumonier@fmail.com
16:09:52.002 [main] TRACE com.ulflander.mining.ProcessingExecutor -   |  Processing DocumentCleaner: Clean and harmonize some chars on raw text before any treatment (line breaks chars, spaces chars, ...)
16:09:52.005 [main] TRACE com.ulflander.mining.ProcessingExecutor -   |  Processing DocumentSplitter: Split a document raw string to chapters, paragraphs, sentences and tokens
16:09:52.591 [main] TRACE com.ulflander.mining.ProcessingExecutor -   |  Processing LanguageDetector: Detects language of a document on the global document, then on each sentences. Uses https://code.google.com/p/language-detection/
16:09:52.855 [main] TRACE com.ulflander.mining.ProcessingExecutor -   |  Processing DocumentTokenizer: Tokenize each sentence, using different strategies depending on language.
16:09:52.884 [main] TRACE com.ulflander.mining.ProcessingExecutor -   |  Processing TokenCounter: Populates token counters with real numbers
16:09:52.886 [main] TRACE com.ulflander.mining.ProcessingExecutor -   |  Processing TokenCleaner: Clean tokens by removing some chars at the beginning or the end of the raw string
16:09:52.889 [main] WARN  com.ulflander.mining.processors.ProcessorsRequirements - Processor extract.TokenRegExpGuesser requires extract.TokenCorpusGuesser
16:09:52.889 [main] ERROR com.ulflander.mining.ProcessingExecutor - Processor [extract.TokenRegExpGuesser] called but requirements not met
16:09:52.889 [main] TRACE com.ulflander.mining.ProcessingExecutor -   - DOCUMENT ANALYSIS ENDED: Done in 917ms
]]></system-out>
  </testcase>
  <testcase name="HashTagTokenTypeTest" classname="com.ulflander.mining.processors.extract.TokenRegExpGuesserTest" time="0.007">
    <failure message="Simple sentence of 4 words with hashtag should return hashtag as fourth token kind expected:&lt;2&gt; but was:&lt;0&gt;" type="java.lang.AssertionError"><![CDATA[java.lang.AssertionError: Simple sentence of 4 words with hashtag should return hashtag as fourth token kind expected:<2> but was:<0>
	at org.junit.Assert.fail(Assert.java:88)
	at org.junit.Assert.failNotEquals(Assert.java:743)
	at org.junit.Assert.assertEquals(Assert.java:118)
	at org.junit.Assert.assertEquals(Assert.java:555)
	at com.ulflander.mining.processors.extract.TokenRegExpGuesserTest.HashTagTokenTypeTest(TokenRegExpGuesserTest.java:98)
]]></failure>
    <system-out><![CDATA[16:09:52.919 [main] DEBUG com.ulflander.MinethatTestService - Minethat starting...
16:09:52.919 [main] TRACE com.ulflander.mining.ProcessingExecutor -   - DOCUMENT ANALYSIS STARTED: My hash is #hash
16:09:52.920 [main] TRACE com.ulflander.mining.ProcessingExecutor -   |  Processing DocumentCleaner: Clean and harmonize some chars on raw text before any treatment (line breaks chars, spaces chars, ...)
16:09:52.920 [main] TRACE com.ulflander.mining.ProcessingExecutor -   |  Processing DocumentSplitter: Split a document raw string to chapters, paragraphs, sentences and tokens
16:09:52.921 [main] TRACE com.ulflander.mining.ProcessingExecutor -   |  Processing LanguageDetector: Detects language of a document on the global document, then on each sentences. Uses https://code.google.com/p/language-detection/
16:09:52.923 [main] TRACE com.ulflander.mining.ProcessingExecutor -   |  Processing DocumentTokenizer: Tokenize each sentence, using different strategies depending on language.
16:09:52.924 [main] TRACE com.ulflander.mining.ProcessingExecutor -   |  Processing TokenCounter: Populates token counters with real numbers
16:09:52.924 [main] TRACE com.ulflander.mining.ProcessingExecutor -   |  Processing TokenCleaner: Clean tokens by removing some chars at the beginning or the end of the raw string
16:09:52.925 [main] WARN  com.ulflander.mining.processors.ProcessorsRequirements - Processor extract.TokenRegExpGuesser requires extract.TokenCorpusGuesser
16:09:52.925 [main] ERROR com.ulflander.mining.ProcessingExecutor - Processor [extract.TokenRegExpGuesser] called but requirements not met
16:09:52.925 [main] TRACE com.ulflander.mining.ProcessingExecutor -   - DOCUMENT ANALYSIS ENDED: Done in 6ms
]]></system-out>
  </testcase>
  <testcase name="Bad3IPTokenTypeTest" classname="com.ulflander.mining.processors.extract.TokenRegExpGuesserTest" time="0.014"/>
  <testcase name="twitterUsernameTokenTypeTest" classname="com.ulflander.mining.processors.extract.TokenRegExpGuesserTest" time="0.008">
    <failure message="Simple sentence of 4 words with twitter username should return twitter username as fourth token kind expected:&lt;2&gt; but was:&lt;0&gt;" type="java.lang.AssertionError"><![CDATA[java.lang.AssertionError: Simple sentence of 4 words with twitter username should return twitter username as fourth token kind expected:<2> but was:<0>
	at org.junit.Assert.fail(Assert.java:88)
	at org.junit.Assert.failNotEquals(Assert.java:743)
	at org.junit.Assert.assertEquals(Assert.java:118)
	at org.junit.Assert.assertEquals(Assert.java:555)
	at com.ulflander.mining.processors.extract.TokenRegExpGuesserTest.twitterUsernameTokenTypeTest(TokenRegExpGuesserTest.java:118)
]]></failure>
    <system-out><![CDATA[16:09:52.941 [main] DEBUG com.ulflander.MinethatTestService - Minethat starting...
16:09:52.942 [main] TRACE com.ulflander.mining.ProcessingExecutor -   - DOCUMENT ANALYSIS STARTED: My hash is @xav
16:09:52.942 [main] TRACE com.ulflander.mining.ProcessingExecutor -   |  Processing DocumentCleaner: Clean and harmonize some chars on raw text before any treatment (line breaks chars, spaces chars, ...)
16:09:52.942 [main] TRACE com.ulflander.mining.ProcessingExecutor -   |  Processing DocumentSplitter: Split a document raw string to chapters, paragraphs, sentences and tokens
16:09:52.942 [main] TRACE com.ulflander.mining.ProcessingExecutor -   |  Processing LanguageDetector: Detects language of a document on the global document, then on each sentences. Uses https://code.google.com/p/language-detection/
16:09:52.944 [main] TRACE com.ulflander.mining.ProcessingExecutor -   |  Processing DocumentTokenizer: Tokenize each sentence, using different strategies depending on language.
16:09:52.944 [main] TRACE com.ulflander.mining.ProcessingExecutor -   |  Processing TokenCounter: Populates token counters with real numbers
16:09:52.944 [main] TRACE com.ulflander.mining.ProcessingExecutor -   |  Processing TokenCleaner: Clean tokens by removing some chars at the beginning or the end of the raw string
16:09:52.945 [main] WARN  com.ulflander.mining.processors.ProcessorsRequirements - Processor extract.TokenRegExpGuesser requires extract.TokenCorpusGuesser
16:09:52.946 [main] ERROR com.ulflander.mining.ProcessingExecutor - Processor [extract.TokenRegExpGuesser] called but requirements not met
16:09:52.946 [main] TRACE com.ulflander.mining.ProcessingExecutor -   - DOCUMENT ANALYSIS ENDED: Done in 4ms
]]></system-out>
  </testcase>
  <testcase name="IPTokenTypeTest" classname="com.ulflander.mining.processors.extract.TokenRegExpGuesserTest" time="0.014">
    <failure message="Simple sentence of 4 words with IP should return IP as fourth token kind expected:&lt;2&gt; but was:&lt;0&gt;" type="java.lang.AssertionError"><![CDATA[java.lang.AssertionError: Simple sentence of 4 words with IP should return IP as fourth token kind expected:<2> but was:<0>
	at org.junit.Assert.fail(Assert.java:88)
	at org.junit.Assert.failNotEquals(Assert.java:743)
	at org.junit.Assert.assertEquals(Assert.java:118)
	at org.junit.Assert.assertEquals(Assert.java:555)
	at com.ulflander.mining.processors.extract.TokenRegExpGuesserTest.IPTokenTypeTest(TokenRegExpGuesserTest.java:52)
]]></failure>
    <system-out><![CDATA[16:09:52.960 [main] DEBUG com.ulflander.MinethatTestService - Minethat starting...
16:09:52.961 [main] TRACE com.ulflander.mining.ProcessingExecutor -   - DOCUMENT ANALYSIS STARTED: My IP is 192.168.0.0
16:09:52.961 [main] TRACE com.ulflander.mining.ProcessingExecutor -   |  Processing DocumentCleaner: Clean and harmonize some chars on raw text before any treatment (line breaks chars, spaces chars, ...)
16:09:52.962 [main] TRACE com.ulflander.mining.ProcessingExecutor -   |  Processing DocumentSplitter: Split a document raw string to chapters, paragraphs, sentences and tokens
16:09:52.963 [main] TRACE com.ulflander.mining.ProcessingExecutor -   |  Processing LanguageDetector: Detects language of a document on the global document, then on each sentences. Uses https://code.google.com/p/language-detection/
16:09:52.967 [main] TRACE com.ulflander.mining.ProcessingExecutor -   |  Processing DocumentTokenizer: Tokenize each sentence, using different strategies depending on language.
16:09:52.970 [main] TRACE com.ulflander.mining.ProcessingExecutor -   |  Processing TokenCounter: Populates token counters with real numbers
16:09:52.970 [main] TRACE com.ulflander.mining.ProcessingExecutor -   |  Processing TokenCleaner: Clean tokens by removing some chars at the beginning or the end of the raw string
16:09:52.971 [main] WARN  com.ulflander.mining.processors.ProcessorsRequirements - Processor extract.TokenRegExpGuesser requires extract.TokenCorpusGuesser
16:09:52.972 [main] ERROR com.ulflander.mining.ProcessingExecutor - Processor [extract.TokenRegExpGuesser] called but requirements not met
16:09:52.972 [main] TRACE com.ulflander.mining.ProcessingExecutor -   - DOCUMENT ANALYSIS ENDED: Done in 11ms
]]></system-out>
  </testcase>
  <testcase name="HashTagComplexTokenTypeTest" classname="com.ulflander.mining.processors.extract.TokenRegExpGuesserTest" time="0.024">
    <failure message="Simple sentence of 4 words with hashtag should return hashtag as fourth token kind expected:&lt;2&gt; but was:&lt;0&gt;" type="java.lang.AssertionError"><![CDATA[java.lang.AssertionError: Simple sentence of 4 words with hashtag should return hashtag as fourth token kind expected:<2> but was:<0>
	at org.junit.Assert.fail(Assert.java:88)
	at org.junit.Assert.failNotEquals(Assert.java:743)
	at org.junit.Assert.assertEquals(Assert.java:118)
	at org.junit.Assert.assertEquals(Assert.java:555)
	at com.ulflander.mining.processors.extract.TokenRegExpGuesserTest.HashTagComplexTokenTypeTest(TokenRegExpGuesserTest.java:108)
]]></failure>
    <system-out><![CDATA[16:09:52.976 [main] DEBUG com.ulflander.MinethatTestService - Minethat starting...
16:09:52.977 [main] TRACE com.ulflander.mining.ProcessingExecutor -   - DOCUMENT ANALYSIS STARTED: My hash is #Hash_08_tag
16:09:52.977 [main] TRACE com.ulflander.mining.ProcessingExecutor -   |  Processing DocumentCleaner: Clean and harmonize some chars on raw text before any treatment (line breaks chars, spaces chars, ...)
16:09:52.977 [main] TRACE com.ulflander.mining.ProcessingExecutor -   |  Processing DocumentSplitter: Split a document raw string to chapters, paragraphs, sentences and tokens
16:09:52.977 [main] TRACE com.ulflander.mining.ProcessingExecutor -   |  Processing LanguageDetector: Detects language of a document on the global document, then on each sentences. Uses https://code.google.com/p/language-detection/
16:09:52.998 [main] TRACE com.ulflander.mining.ProcessingExecutor -   |  Processing DocumentTokenizer: Tokenize each sentence, using different strategies depending on language.
16:09:52.999 [main] TRACE com.ulflander.mining.ProcessingExecutor -   |  Processing TokenCounter: Populates token counters with real numbers
16:09:52.999 [main] TRACE com.ulflander.mining.ProcessingExecutor -   |  Processing TokenCleaner: Clean tokens by removing some chars at the beginning or the end of the raw string
16:09:52.999 [main] WARN  com.ulflander.mining.processors.ProcessorsRequirements - Processor extract.TokenRegExpGuesser requires extract.TokenCorpusGuesser
16:09:52.999 [main] ERROR com.ulflander.mining.ProcessingExecutor - Processor [extract.TokenRegExpGuesser] called but requirements not met
16:09:52.999 [main] TRACE com.ulflander.mining.ProcessingExecutor -   - DOCUMENT ANALYSIS ENDED: Done in 23ms
]]></system-out>
  </testcase>
  <testcase name="Bad2IPTokenTypeTest" classname="com.ulflander.mining.processors.extract.TokenRegExpGuesserTest" time="0.006"/>
  <testcase name="Bad1IPTokenTypeTest" classname="com.ulflander.mining.processors.extract.TokenRegExpGuesserTest" time="0.026"/>
  <testcase name="IPSplitTest" classname="com.ulflander.mining.processors.extract.TokenRegExpGuesserTest" time="0.023"/>
  <testcase name="IPAtEndOfSentenceSplitTest" classname="com.ulflander.mining.processors.extract.TokenRegExpGuesserTest" time="0.012"/>
</testsuite>